<?xml version="1.0" encoding="UTF-8"?>
<coverage generated="1651605280731" clover="3.2.0">
  <project timestamp="1651605280731" name="All files">
    <metrics statements="30" coveredstatements="30" conditionals="17" coveredconditionals="17" methods="7" coveredmethods="7" elements="54" coveredelements="54" complexity="0" loc="30" ncloc="30" packages="1" files="3" classes="3"/>
    <file name="calculatedates.js" path="C:\Users\paddy\Documents\General Code Projects\OlderThanThisFamousPerson\utils-module\calculatedates.js">
      <metrics statements="8" coveredstatements="8" conditionals="7" coveredconditionals="7" methods="1" coveredmethods="1"/>
      <line num="1" count="1" type="cond" truecount="1" falsecount="0"/>
      <line num="2" count="6" type="stmt"/>
      <line num="3" count="6" type="stmt"/>
      <line num="5" count="6" type="cond" truecount="4" falsecount="0"/>
      <line num="6" count="2" type="stmt"/>
      <line num="9" count="4" type="cond" truecount="2" falsecount="0"/>
      <line num="10" count="2" type="stmt"/>
      <line num="13" count="2" type="stmt"/>
    </file>
    <file name="olderthan.js" path="C:\Users\paddy\Documents\General Code Projects\OlderThanThisFamousPerson\utils-module\olderthan.js">
      <metrics statements="11" coveredstatements="11" conditionals="5" coveredconditionals="5" methods="3" coveredmethods="3"/>
      <line num="1" count="1" type="cond" truecount="1" falsecount="0"/>
      <line num="2" count="4" type="stmt"/>
      <line num="3" count="4" type="stmt"/>
      <line num="5" count="4" type="stmt"/>
      <line num="6" count="54" type="stmt"/>
      <line num="9" count="4" type="stmt"/>
      <line num="10" count="34" type="cond" truecount="2" falsecount="0"/>
      <line num="11" count="18" type="stmt"/>
      <line num="15" count="4" type="cond" truecount="2" falsecount="0"/>
      <line num="18" count="3" type="stmt"/>
      <line num="21" count="1" type="stmt"/>
    </file>
    <file name="youngerthan.js" path="C:\Users\paddy\Documents\General Code Projects\OlderThanThisFamousPerson\utils-module\youngerthan.js">
      <metrics statements="11" coveredstatements="11" conditionals="5" coveredconditionals="5" methods="3" coveredmethods="3"/>
      <line num="1" count="1" type="cond" truecount="1" falsecount="0"/>
      <line num="2" count="4" type="stmt"/>
      <line num="3" count="4" type="stmt"/>
      <line num="5" count="4" type="stmt"/>
      <line num="6" count="51" type="stmt"/>
      <line num="9" count="4" type="stmt"/>
      <line num="10" count="34" type="cond" truecount="2" falsecount="0"/>
      <line num="11" count="20" type="stmt"/>
      <line num="15" count="4" type="cond" truecount="2" falsecount="0"/>
      <line num="18" count="3" type="stmt"/>
      <line num="21" count="1" type="stmt"/>
    </file>
  </project>
</coverage>
