{"C:\\Users\\paddy\\Documents\\General Code Projects\\OlderThanThisFamousPerson\\utils-module\\ageutilities.js": {"path":"C:\\Users\\paddy\\Documents\\General Code Projects\\OlderThanThisFamousPerson\\utils-module\\ageutilities.js","statementMap":{"0":{"start":{"line":1,"column":0},"end":{"line":23,"column":1}},"1":{"start":{"line":2,"column":30},"end":{"line":2,"column":32}},"2":{"start":{"line":3,"column":12},"end":{"line":3,"column":13}},"3":{"start":{"line":5,"column":4},"end":{"line":7,"column":6}},"4":{"start":{"line":6,"column":8},"end":{"line":6,"column":40}},"5":{"start":{"line":9,"column":4},"end":{"line":13,"column":6}},"6":{"start":{"line":10,"column":8},"end":{"line":12,"column":9}},"7":{"start":{"line":11,"column":12},"end":{"line":11,"column":47}},"8":{"start":{"line":15,"column":4},"end":{"line":22,"column":5}},"9":{"start":{"line":18,"column":8},"end":{"line":18,"column":60}},"10":{"start":{"line":21,"column":8},"end":{"line":21,"column":34}},"11":{"start":{"line":25,"column":0},"end":{"line":47,"column":1}},"12":{"start":{"line":26,"column":30},"end":{"line":26,"column":32}},"13":{"start":{"line":27,"column":12},"end":{"line":27,"column":13}},"14":{"start":{"line":29,"column":4},"end":{"line":31,"column":6}},"15":{"start":{"line":30,"column":8},"end":{"line":30,"column":40}},"16":{"start":{"line":33,"column":4},"end":{"line":37,"column":6}},"17":{"start":{"line":34,"column":8},"end":{"line":36,"column":9}},"18":{"start":{"line":35,"column":12},"end":{"line":35,"column":47}},"19":{"start":{"line":39,"column":4},"end":{"line":46,"column":5}},"20":{"start":{"line":42,"column":8},"end":{"line":42,"column":60}},"21":{"start":{"line":45,"column":8},"end":{"line":45,"column":34}},"22":{"start":{"line":49,"column":0},"end":{"line":71,"column":1}},"23":{"start":{"line":50,"column":30},"end":{"line":50,"column":32}},"24":{"start":{"line":51,"column":12},"end":{"line":51,"column":13}},"25":{"start":{"line":53,"column":4},"end":{"line":55,"column":6}},"26":{"start":{"line":54,"column":8},"end":{"line":54,"column":40}},"27":{"start":{"line":57,"column":4},"end":{"line":61,"column":6}},"28":{"start":{"line":58,"column":8},"end":{"line":60,"column":9}},"29":{"start":{"line":59,"column":12},"end":{"line":59,"column":47}},"30":{"start":{"line":63,"column":4},"end":{"line":70,"column":5}},"31":{"start":{"line":66,"column":8},"end":{"line":66,"column":60}},"32":{"start":{"line":69,"column":8},"end":{"line":69,"column":34}}},"fnMap":{"0":{"name":"(anonymous_0)","decl":{"start":{"line":1,"column":33},"end":{"line":1,"column":34}},"loc":{"start":{"line":1,"column":114},"end":{"line":23,"column":1}},"line":1},"1":{"name":"(anonymous_1)","decl":{"start":{"line":5,"column":27},"end":{"line":5,"column":28}},"loc":{"start":{"line":5,"column":43},"end":{"line":7,"column":5}},"line":5},"2":{"name":"(anonymous_2)","decl":{"start":{"line":9,"column":30},"end":{"line":9,"column":31}},"loc":{"start":{"line":9,"column":43},"end":{"line":13,"column":5}},"line":9},"3":{"name":"(anonymous_3)","decl":{"start":{"line":25,"column":31},"end":{"line":25,"column":32}},"loc":{"start":{"line":25,"column":112},"end":{"line":47,"column":1}},"line":25},"4":{"name":"(anonymous_4)","decl":{"start":{"line":29,"column":27},"end":{"line":29,"column":28}},"loc":{"start":{"line":29,"column":43},"end":{"line":31,"column":5}},"line":29},"5":{"name":"(anonymous_5)","decl":{"start":{"line":33,"column":30},"end":{"line":33,"column":31}},"loc":{"start":{"line":33,"column":43},"end":{"line":37,"column":5}},"line":33},"6":{"name":"(anonymous_6)","decl":{"start":{"line":49,"column":33},"end":{"line":49,"column":34}},"loc":{"start":{"line":49,"column":114},"end":{"line":71,"column":1}},"line":49},"7":{"name":"(anonymous_7)","decl":{"start":{"line":53,"column":27},"end":{"line":53,"column":28}},"loc":{"start":{"line":53,"column":43},"end":{"line":55,"column":5}},"line":53},"8":{"name":"(anonymous_8)","decl":{"start":{"line":57,"column":30},"end":{"line":57,"column":31}},"loc":{"start":{"line":57,"column":43},"end":{"line":61,"column":5}},"line":57}},"branchMap":{"0":{"loc":{"start":{"line":1,"column":94},"end":{"line":1,"column":112}},"type":"default-arg","locations":[{"start":{"line":1,"column":110},"end":{"line":1,"column":112}}],"line":1},"1":{"loc":{"start":{"line":10,"column":8},"end":{"line":12,"column":9}},"type":"if","locations":[{"start":{"line":10,"column":8},"end":{"line":12,"column":9}},{"start":{},"end":{}}],"line":10},"2":{"loc":{"start":{"line":15,"column":4},"end":{"line":22,"column":5}},"type":"if","locations":[{"start":{"line":15,"column":4},"end":{"line":22,"column":5}},{"start":{"line":20,"column":9},"end":{"line":22,"column":5}}],"line":15},"3":{"loc":{"start":{"line":25,"column":92},"end":{"line":25,"column":110}},"type":"default-arg","locations":[{"start":{"line":25,"column":108},"end":{"line":25,"column":110}}],"line":25},"4":{"loc":{"start":{"line":34,"column":8},"end":{"line":36,"column":9}},"type":"if","locations":[{"start":{"line":34,"column":8},"end":{"line":36,"column":9}},{"start":{},"end":{}}],"line":34},"5":{"loc":{"start":{"line":39,"column":4},"end":{"line":46,"column":5}},"type":"if","locations":[{"start":{"line":39,"column":4},"end":{"line":46,"column":5}},{"start":{"line":44,"column":9},"end":{"line":46,"column":5}}],"line":39},"6":{"loc":{"start":{"line":49,"column":94},"end":{"line":49,"column":112}},"type":"default-arg","locations":[{"start":{"line":49,"column":110},"end":{"line":49,"column":112}}],"line":49},"7":{"loc":{"start":{"line":58,"column":8},"end":{"line":60,"column":9}},"type":"if","locations":[{"start":{"line":58,"column":8},"end":{"line":60,"column":9}},{"start":{},"end":{}}],"line":58},"8":{"loc":{"start":{"line":63,"column":4},"end":{"line":70,"column":5}},"type":"if","locations":[{"start":{"line":63,"column":4},"end":{"line":70,"column":5}},{"start":{"line":68,"column":9},"end":{"line":70,"column":5}}],"line":63}},"s":{"0":3,"1":3,"2":3,"3":3,"4":48,"5":3,"6":26,"7":5,"8":3,"9":2,"10":1,"11":3,"12":4,"13":4,"14":4,"15":54,"16":4,"17":34,"18":18,"19":4,"20":3,"21":1,"22":3,"23":4,"24":4,"25":4,"26":51,"27":4,"28":34,"29":20,"30":4,"31":3,"32":1},"f":{"0":3,"1":48,"2":26,"3":4,"4":54,"5":34,"6":4,"7":51,"8":34},"b":{"0":[3],"1":[5,21],"2":[2,1],"3":[4],"4":[18,16],"5":[3,1],"6":[4],"7":[20,14],"8":[3,1]},"_coverageSchema":"1a1c01bbd47fc00a2c39e90264f33305004495a9","hash":"5e2c7ae7da6a4226bfcd8a5c2ee89f522741d8d1"}
,"C:\\Users\\paddy\\Documents\\General Code Projects\\OlderThanThisFamousPerson\\utils-module\\calculatedates.js": {"path":"C:\\Users\\paddy\\Documents\\General Code Projects\\OlderThanThisFamousPerson\\utils-module\\calculatedates.js","statementMap":{"0":{"start":{"line":1,"column":0},"end":{"line":14,"column":1}},"1":{"start":{"line":2,"column":18},"end":{"line":2,"column":28}},"2":{"start":{"line":3,"column":4},"end":{"line":3,"column":33}},"3":{"start":{"line":5,"column":4},"end":{"line":7,"column":5}},"4":{"start":{"line":6,"column":8},"end":{"line":6,"column":64}},"5":{"start":{"line":9,"column":4},"end":{"line":11,"column":5}},"6":{"start":{"line":10,"column":8},"end":{"line":10,"column":58}},"7":{"start":{"line":13,"column":4},"end":{"line":13,"column":15}}},"fnMap":{"0":{"name":"(anonymous_0)","decl":{"start":{"line":1,"column":32},"end":{"line":1,"column":33}},"loc":{"start":{"line":1,"column":75},"end":{"line":14,"column":1}},"line":1}},"branchMap":{"0":{"loc":{"start":{"line":1,"column":55},"end":{"line":1,"column":73}},"type":"default-arg","locations":[{"start":{"line":1,"column":69},"end":{"line":1,"column":73}}],"line":1},"1":{"loc":{"start":{"line":5,"column":4},"end":{"line":7,"column":5}},"type":"if","locations":[{"start":{"line":5,"column":4},"end":{"line":7,"column":5}},{"start":{},"end":{}}],"line":5},"2":{"loc":{"start":{"line":5,"column":8},"end":{"line":5,"column":34}},"type":"binary-expr","locations":[{"start":{"line":5,"column":8},"end":{"line":5,"column":19}},{"start":{"line":5,"column":23},"end":{"line":5,"column":34}}],"line":5},"3":{"loc":{"start":{"line":9,"column":4},"end":{"line":11,"column":5}},"type":"if","locations":[{"start":{"line":9,"column":4},"end":{"line":11,"column":5}},{"start":{},"end":{}}],"line":9}},"s":{"0":1,"1":6,"2":6,"3":6,"4":2,"5":4,"6":2,"7":2},"f":{"0":6},"b":{"0":[2],"1":[2,4],"2":[6,3],"3":[2,2]},"_coverageSchema":"1a1c01bbd47fc00a2c39e90264f33305004495a9","hash":"2486d1acd23f53d9c192f8ca5f071c7d128c888d"}
}
