TN:
SF:utils-module\calculatedates.js
FN:1,(anonymous_0)
FNF:1
FNH:1
FNDA:6,(anonymous_0)
DA:1,1
DA:2,6
DA:3,6
DA:5,6
DA:6,2
DA:9,4
DA:10,2
DA:13,2
LF:8
LH:8
BRDA:1,0,0,2
BRDA:5,1,0,2
BRDA:5,1,1,4
BRDA:5,2,0,6
BRDA:5,2,1,3
BRDA:9,3,0,2
BRDA:9,3,1,2
BRF:7
BRH:7
end_of_record
TN:
SF:utils-module\olderthan.js
FN:1,(anonymous_0)
FN:5,(anonymous_1)
FN:8,(anonymous_2)
FNF:3
FNH:3
FNDA:4,(anonymous_0)
FNDA:54,(anonymous_1)
FNDA:34,(anonymous_2)
DA:1,1
DA:2,4
DA:3,4
DA:5,4
DA:6,54
DA:8,4
DA:9,34
DA:10,18
DA:14,4
DA:15,3
DA:18,1
LF:11
LH:11
BRDA:1,0,0,4
BRDA:9,1,0,18
BRDA:9,1,1,16
BRDA:14,2,0,3
BRDA:14,2,1,1
BRF:5
BRH:5
end_of_record
