TN:
SF:utils-module\ageutilities.js
FN:1,(anonymous_0)
FN:5,(anonymous_1)
FN:9,(anonymous_2)
FN:25,(anonymous_3)
FN:29,(anonymous_4)
FN:33,(anonymous_5)
FN:49,(anonymous_6)
FN:53,(anonymous_7)
FN:57,(anonymous_8)
FNF:9
FNH:9
FNDA:3,(anonymous_0)
FNDA:48,(anonymous_1)
FNDA:26,(anonymous_2)
FNDA:4,(anonymous_3)
FNDA:54,(anonymous_4)
FNDA:34,(anonymous_5)
FNDA:4,(anonymous_6)
FNDA:51,(anonymous_7)
FNDA:34,(anonymous_8)
DA:1,3
DA:2,3
DA:3,3
DA:5,3
DA:6,48
DA:9,3
DA:10,26
DA:11,5
DA:15,3
DA:18,2
DA:21,1
DA:25,3
DA:26,4
DA:27,4
DA:29,4
DA:30,54
DA:33,4
DA:34,34
DA:35,18
DA:39,4
DA:42,3
DA:45,1
DA:49,3
DA:50,4
DA:51,4
DA:53,4
DA:54,51
DA:57,4
DA:58,34
DA:59,20
DA:63,4
DA:66,3
DA:69,1
LF:33
LH:33
BRDA:1,0,0,3
BRDA:10,1,0,5
BRDA:10,1,1,21
BRDA:15,2,0,2
BRDA:15,2,1,1
BRDA:25,3,0,4
BRDA:34,4,0,18
BRDA:34,4,1,16
BRDA:39,5,0,3
BRDA:39,5,1,1
BRDA:49,6,0,4
BRDA:58,7,0,20
BRDA:58,7,1,14
BRDA:63,8,0,3
BRDA:63,8,1,1
BRF:15
BRH:15
end_of_record
TN:
SF:utils-module\calculatedates.js
FN:1,(anonymous_0)
FNF:1
FNH:1
FNDA:6,(anonymous_0)
DA:1,1
DA:2,6
DA:3,6
DA:5,6
DA:6,2
DA:9,4
DA:10,2
DA:13,2
LF:8
LH:8
BRDA:1,0,0,2
BRDA:5,1,0,2
BRDA:5,1,1,4
BRDA:5,2,0,6
BRDA:5,2,1,3
BRDA:9,3,0,2
BRDA:9,3,1,2
BRF:7
BRH:7
end_of_record
